<?xml version="1.0" encoding="UTF-8"?>
<!-- Generated by org.testng.reporters.JUnitReportReporter -->
<testsuite hostname="Iaroslavas-MacBook-Pro.local" name="TestAlbum" tests="1" failures="0" timestamp="25 Jul 2015 23:01:24 GMT" time="0.042" errors="0">
  <testcase name="testAlbumRemove" time="0.042" classname="TestAlbum"/>
</testsuite>
