<?xml version="1.0" encoding="UTF-8"?>
<!-- Generated by org.testng.reporters.JUnitReportReporter -->
<testsuite hostname="Iaroslavas-MacBook-Pro.local" name="TestAlbum" tests="3" failures="0" timestamp="25 Jul 2015 23:05:26 GMT" time="0.029" errors="0">
  <testcase name="testAlbumChangeSize" time="0.001" classname="TestAlbum"/>
  <testcase name="testAlbumRemove" time="0.001" classname="TestAlbum"/>
  <testcase name="testAlbumAdd" time="0.027" classname="TestAlbum"/>
</testsuite> <!-- TestAlbum -->
